This is pdfTeX, Version 3.1415926-1.40.10 (TeX Live 2009/Debian) (format=pdflatex 2011.12.11)  27 DEC 2011 15:03
entering extended mode
 \write18 enabled.
 %&-line parsing enabled.
**Bericht.tex
(./Bericht.tex
LaTeX2e <2009/09/24>
Babel <v3.8l> and hyphenation patterns for english, usenglishmax, dumylang, noh
yphenation, ngerman, german, german-x-2009-06-19, ngerman-x-2009-06-19, loaded.

(/usr/share/texmf-texlive/tex/latex/base/report.cls
Document Class: report 2007/10/19 v1.4h Standard LaTeX document class
(/usr/share/texmf-texlive/tex/latex/base/size11.clo
File: size11.clo 2007/10/19 v1.4h Standard LaTeX file (size option)
)
\c@part=\count79
\c@chapter=\count80
\c@section=\count81
\c@subsection=\count82
\c@subsubsection=\count83
\c@paragraph=\count84
\c@subparagraph=\count85
\c@figure=\count86
\c@table=\count87
\abovecaptionskip=\skip41
\belowcaptionskip=\skip42
\bibindent=\dimen102
)
(/usr/share/texmf-texlive/tex/latex/geometry/geometry.sty
Package: geometry 2008/12/21 v4.2 Page Geometry

(/usr/share/texmf-texlive/tex/latex/graphics/keyval.sty
Package: keyval 1999/03/16 v1.13 key=value parser (DPC)
\KV@toks@=\toks14
)
(/usr/share/texmf-texlive/tex/generic/oberdiek/ifpdf.sty
Package: ifpdf 2009/04/10 v2.0 Provides the ifpdf switch (HO)
Package ifpdf Info: pdfTeX in pdf mode detected.
)
(/usr/share/texmf-texlive/tex/generic/oberdiek/ifvtex.sty
Package: ifvtex 2008/11/04 v1.4 Switches for detecting VTeX and its modes (HO)
Package ifvtex Info: VTeX not detected.
)
\Gm@cnth=\count88
\Gm@cntv=\count89
\c@Gm@tempcnt=\count90
\Gm@bindingoffset=\dimen103
\Gm@wd@mp=\dimen104
\Gm@odd@mp=\dimen105
\Gm@even@mp=\dimen106
\Gm@dimlist=\toks15
)
(/usr/share/texmf-texlive/tex/latex/graphics/graphicx.sty
Package: graphicx 1999/02/16 v1.0f Enhanced LaTeX Graphics (DPC,SPQR)

(/usr/share/texmf-texlive/tex/latex/graphics/graphics.sty
Package: graphics 2009/02/05 v1.0o Standard LaTeX Graphics (DPC,SPQR)

(/usr/share/texmf-texlive/tex/latex/graphics/trig.sty
Package: trig 1999/03/16 v1.09 sin cos tan (DPC)
)
(/etc/texmf/tex/latex/config/graphics.cfg
File: graphics.cfg 2009/08/28 v1.8 graphics configuration of TeX Live
)
Package graphics Info: Driver file: pdftex.def on input line 91.

(/usr/share/texmf-texlive/tex/latex/pdftex-def/pdftex.def
File: pdftex.def 2010/03/12 v0.04p Graphics/color for pdfTeX
\Gread@gobject=\count91
))
\Gin@req@height=\dimen107
\Gin@req@width=\dimen108
)
(/usr/share/texmf-texlive/tex/latex/amsfonts/amssymb.sty
Package: amssymb 2009/06/22 v3.00

(/usr/share/texmf-texlive/tex/latex/amsfonts/amsfonts.sty
Package: amsfonts 2009/06/22 v3.00 Basic AMSFonts support
\@emptytoks=\toks16
\symAMSa=\mathgroup4
\symAMSb=\mathgroup5
LaTeX Font Info:    Overwriting math alphabet `\mathfrak' in version `bold'
(Font)                  U/euf/m/n --> U/euf/b/n on input line 96.
))
(/usr/share/texmf-texlive/tex/latex/amsmath/amsmath.sty
Package: amsmath 2000/07/18 v2.13 AMS math features
\@mathmargin=\skip43

For additional information on amsmath, use the `?' option.
(/usr/share/texmf-texlive/tex/latex/amsmath/amstext.sty
Package: amstext 2000/06/29 v2.01

(/usr/share/texmf-texlive/tex/latex/amsmath/amsgen.sty
File: amsgen.sty 1999/11/30 v2.0
\@emptytoks=\toks17
\ex@=\dimen109
))
(/usr/share/texmf-texlive/tex/latex/amsmath/amsbsy.sty
Package: amsbsy 1999/11/29 v1.2d
\pmbraise@=\dimen110
)
(/usr/share/texmf-texlive/tex/latex/amsmath/amsopn.sty
Package: amsopn 1999/12/14 v2.01 operator names
)
\inf@bad=\count92
LaTeX Info: Redefining \frac on input line 211.
\uproot@=\count93
\leftroot@=\count94
LaTeX Info: Redefining \overline on input line 307.
\classnum@=\count95
\DOTSCASE@=\count96
LaTeX Info: Redefining \ldots on input line 379.
LaTeX Info: Redefining \dots on input line 382.
LaTeX Info: Redefining \cdots on input line 467.
\Mathstrutbox@=\box26
\strutbox@=\box27
\big@size=\dimen111
LaTeX Font Info:    Redeclaring font encoding OML on input line 567.
LaTeX Font Info:    Redeclaring font encoding OMS on input line 568.
\macc@depth=\count97
\c@MaxMatrixCols=\count98
\dotsspace@=\muskip10
\c@parentequation=\count99
\dspbrk@lvl=\count100
\tag@help=\toks18
\row@=\count101
\column@=\count102
\maxfields@=\count103
\andhelp@=\toks19
\eqnshift@=\dimen112
\alignsep@=\dimen113
\tagshift@=\dimen114
\tagwidth@=\dimen115
\totwidth@=\dimen116
\lineht@=\dimen117
\@envbody=\toks20
\multlinegap=\skip44
\multlinetaggap=\skip45
\mathdisplay@stack=\toks21
LaTeX Info: Redefining \[ on input line 2666.
LaTeX Info: Redefining \] on input line 2667.
)
(/usr/share/texmf-texlive/tex/latex/oberdiek/epstopdf.sty
Package: epstopdf 2009/10/17 v2.4 Conversion with epstopdf on the fly (HO)

(/usr/share/texmf-texlive/tex/latex/oberdiek/epstopdf-base.sty
Package: epstopdf-base 2009/10/17 v2.4 Base part for package epstopdf

(/usr/share/texmf-texlive/tex/generic/oberdiek/infwarerr.sty
Package: infwarerr 2007/09/09 v1.2 Providing info/warning/message (HO)
)
(/usr/share/texmf-texlive/tex/latex/oberdiek/grfext.sty
Package: grfext 2007/09/30 v1.0 Managing graphics extensions (HO)
)
(/usr/share/texmf-texlive/tex/latex/oberdiek/kvoptions.sty
Package: kvoptions 2009/08/13 v3.4 Keyval support for LaTeX options (HO)

(/usr/share/texmf-texlive/tex/generic/oberdiek/kvsetkeys.sty
Package: kvsetkeys 2009/07/30 v1.5 Key value parser with default handler suppor
t (HO)

(/usr/share/texmf-texlive/tex/generic/oberdiek/etexcmds.sty
Package: etexcmds 2007/12/12 v1.2 Prefix for e-TeX command names (HO)
Package etexcmds Info: Could not find \expanded.
(etexcmds)             That can mean that you are not using pdfTeX 1.50 or
(etexcmds)             that some package has redefined \expanded.
(etexcmds)             In the latter case, load this package earlier.
)))
(/usr/share/texmf-texlive/tex/generic/oberdiek/pdftexcmds.sty
Package: pdftexcmds 2009/09/23 v0.6 LuaTeX support for pdfTeX utility functions
 (HO)

(/usr/share/texmf-texlive/tex/generic/oberdiek/ifluatex.sty
Package: ifluatex 2009/04/17 v1.2 Provides the ifluatex switch (HO)
Package ifluatex Info: LuaTeX not detected.
)
(/usr/share/texmf-texlive/tex/generic/oberdiek/ltxcmds.sty
Package: ltxcmds 2009/08/05 v1.0 Some LaTeX kernel commands for general use (HO
)
)
Package pdftexcmds Info: LuaTeX not detected.
Package pdftexcmds Info: \pdf@primitive is available.
Package pdftexcmds Info: \pdf@ifprimitive is available.
)
Package grfext Info: Graphics extension search list:
(grfext)             [.png,.pdf,.jpg,.mps,.jpeg,.jbig2,.jb2,.PNG,.PDF,.JPG,.JPE
G,.JBIG2,.JB2,.eps]
(grfext)             \AppendGraphicsExtensions on input line 433.

(/usr/share/texmf-texlive/tex/latex/latexconfig/epstopdf-sys.cfg
File: epstopdf-sys.cfg 2009/10/26 v1.1 Configuration of epstopdf for TeX Live
)))
(/usr/share/texmf-texlive/tex/latex/base/inputenc.sty
Package: inputenc 2008/03/30 v1.1d Input encoding file
\inpenc@prehook=\toks22
\inpenc@posthook=\toks23

(/usr/share/texmf-texlive/tex/latex/base/utf8.def
File: utf8.def 2008/04/05 v1.1m UTF-8 support for inputenc
Now handling font encoding OML ...
... no UTF-8 mapping file for font encoding OML
Now handling font encoding T1 ...
... processing UTF-8 mapping file for font encoding T1

(/usr/share/texmf-texlive/tex/latex/base/t1enc.dfu
File: t1enc.dfu 2008/04/05 v1.1m UTF-8 support for inputenc
   defining Unicode char U+00A1 (decimal 161)
   defining Unicode char U+00A3 (decimal 163)
   defining Unicode char U+00AB (decimal 171)
   defining Unicode char U+00BB (decimal 187)
   defining Unicode char U+00BF (decimal 191)
   defining Unicode char U+00C0 (decimal 192)
   defining Unicode char U+00C1 (decimal 193)
   defining Unicode char U+00C2 (decimal 194)
   defining Unicode char U+00C3 (decimal 195)
   defining Unicode char U+00C4 (decimal 196)
   defining Unicode char U+00C5 (decimal 197)
   defining Unicode char U+00C6 (decimal 198)
   defining Unicode char U+00C7 (decimal 199)
   defining Unicode char U+00C8 (decimal 200)
   defining Unicode char U+00C9 (decimal 201)
   defining Unicode char U+00CA (decimal 202)
   defining Unicode char U+00CB (decimal 203)
   defining Unicode char U+00CC (decimal 204)
   defining Unicode char U+00CD (decimal 205)
   defining Unicode char U+00CE (decimal 206)
   defining Unicode char U+00CF (decimal 207)
   defining Unicode char U+00D0 (decimal 208)
   defining Unicode char U+00D1 (decimal 209)
   defining Unicode char U+00D2 (decimal 210)
   defining Unicode char U+00D3 (decimal 211)
   defining Unicode char U+00D4 (decimal 212)
   defining Unicode char U+00D5 (decimal 213)
   defining Unicode char U+00D6 (decimal 214)
   defining Unicode char U+00D8 (decimal 216)
   defining Unicode char U+00D9 (decimal 217)
   defining Unicode char U+00DA (decimal 218)
   defining Unicode char U+00DB (decimal 219)
   defining Unicode char U+00DC (decimal 220)
   defining Unicode char U+00DD (decimal 221)
   defining Unicode char U+00DE (decimal 222)
   defining Unicode char U+00DF (decimal 223)
   defining Unicode char U+00E0 (decimal 224)
   defining Unicode char U+00E1 (decimal 225)
   defining Unicode char U+00E2 (decimal 226)
   defining Unicode char U+00E3 (decimal 227)
   defining Unicode char U+00E4 (decimal 228)
   defining Unicode char U+00E5 (decimal 229)
   defining Unicode char U+00E6 (decimal 230)
   defining Unicode char U+00E7 (decimal 231)
   defining Unicode char U+00E8 (decimal 232)
   defining Unicode char U+00E9 (decimal 233)
   defining Unicode char U+00EA (decimal 234)
   defining Unicode char U+00EB (decimal 235)
   defining Unicode char U+00EC (decimal 236)
   defining Unicode char U+00ED (decimal 237)
   defining Unicode char U+00EE (decimal 238)
   defining Unicode char U+00EF (decimal 239)
   defining Unicode char U+00F0 (decimal 240)
   defining Unicode char U+00F1 (decimal 241)
   defining Unicode char U+00F2 (decimal 242)
   defining Unicode char U+00F3 (decimal 243)
   defining Unicode char U+00F4 (decimal 244)
   defining Unicode char U+00F5 (decimal 245)
   defining Unicode char U+00F6 (decimal 246)
   defining Unicode char U+00F8 (decimal 248)
   defining Unicode char U+00F9 (decimal 249)
   defining Unicode char U+00FA (decimal 250)
   defining Unicode char U+00FB (decimal 251)
   defining Unicode char U+00FC (decimal 252)
   defining Unicode char U+00FD (decimal 253)
   defining Unicode char U+00FE (decimal 254)
   defining Unicode char U+00FF (decimal 255)
   defining Unicode char U+0102 (decimal 258)
   defining Unicode char U+0103 (decimal 259)
   defining Unicode char U+0104 (decimal 260)
   defining Unicode char U+0105 (decimal 261)
   defining Unicode char U+0106 (decimal 262)
   defining Unicode char U+0107 (decimal 263)
   defining Unicode char U+010C (decimal 268)
   defining Unicode char U+010D (decimal 269)
   defining Unicode char U+010E (decimal 270)
   defining Unicode char U+010F (decimal 271)
   defining Unicode char U+0110 (decimal 272)
   defining Unicode char U+0111 (decimal 273)
   defining Unicode char U+0118 (decimal 280)
   defining Unicode char U+0119 (decimal 281)
   defining Unicode char U+011A (decimal 282)
   defining Unicode char U+011B (decimal 283)
   defining Unicode char U+011E (decimal 286)
   defining Unicode char U+011F (decimal 287)
   defining Unicode char U+0130 (decimal 304)
   defining Unicode char U+0131 (decimal 305)
   defining Unicode char U+0132 (decimal 306)
   defining Unicode char U+0133 (decimal 307)
   defining Unicode char U+0139 (decimal 313)
   defining Unicode char U+013A (decimal 314)
   defining Unicode char U+013D (decimal 317)
   defining Unicode char U+013E (decimal 318)
   defining Unicode char U+0141 (decimal 321)
   defining Unicode char U+0142 (decimal 322)
   defining Unicode char U+0143 (decimal 323)
   defining Unicode char U+0144 (decimal 324)
   defining Unicode char U+0147 (decimal 327)
   defining Unicode char U+0148 (decimal 328)
   defining Unicode char U+014A (decimal 330)
   defining Unicode char U+014B (decimal 331)
   defining Unicode char U+0150 (decimal 336)
   defining Unicode char U+0151 (decimal 337)
   defining Unicode char U+0152 (decimal 338)
   defining Unicode char U+0153 (decimal 339)
   defining Unicode char U+0154 (decimal 340)
   defining Unicode char U+0155 (decimal 341)
   defining Unicode char U+0158 (decimal 344)
   defining Unicode char U+0159 (decimal 345)
   defining Unicode char U+015A (decimal 346)
   defining Unicode char U+015B (decimal 347)
   defining Unicode char U+015E (decimal 350)
   defining Unicode char U+015F (decimal 351)
   defining Unicode char U+0160 (decimal 352)
   defining Unicode char U+0161 (decimal 353)
   defining Unicode char U+0162 (decimal 354)
   defining Unicode char U+0163 (decimal 355)
   defining Unicode char U+0164 (decimal 356)
   defining Unicode char U+0165 (decimal 357)
   defining Unicode char U+016E (decimal 366)
   defining Unicode char U+016F (decimal 367)
   defining Unicode char U+0170 (decimal 368)
   defining Unicode char U+0171 (decimal 369)
   defining Unicode char U+0178 (decimal 376)
   defining Unicode char U+0179 (decimal 377)
   defining Unicode char U+017A (decimal 378)
   defining Unicode char U+017B (decimal 379)
   defining Unicode char U+017C (decimal 380)
   defining Unicode char U+017D (decimal 381)
   defining Unicode char U+017E (decimal 382)
   defining Unicode char U+200C (decimal 8204)
   defining Unicode char U+2013 (decimal 8211)
   defining Unicode char U+2014 (decimal 8212)
   defining Unicode char U+2018 (decimal 8216)
   defining Unicode char U+2019 (decimal 8217)
   defining Unicode char U+201A (decimal 8218)
   defining Unicode char U+201C (decimal 8220)
   defining Unicode char U+201D (decimal 8221)
   defining Unicode char U+201E (decimal 8222)
   defining Unicode char U+2030 (decimal 8240)
   defining Unicode char U+2031 (decimal 8241)
   defining Unicode char U+2039 (decimal 8249)
   defining Unicode char U+203A (decimal 8250)
   defining Unicode char U+2423 (decimal 9251)
)
Now handling font encoding OT1 ...
... processing UTF-8 mapping file for font encoding OT1

(/usr/share/texmf-texlive/tex/latex/base/ot1enc.dfu
File: ot1enc.dfu 2008/04/05 v1.1m UTF-8 support for inputenc
   defining Unicode char U+00A1 (decimal 161)
   defining Unicode char U+00A3 (decimal 163)
   defining Unicode char U+00B8 (decimal 184)
   defining Unicode char U+00BF (decimal 191)
   defining Unicode char U+00C5 (decimal 197)
   defining Unicode char U+00C6 (decimal 198)
   defining Unicode char U+00D8 (decimal 216)
   defining Unicode char U+00DF (decimal 223)
   defining Unicode char U+00E6 (decimal 230)
   defining Unicode char U+00EC (decimal 236)
   defining Unicode char U+00ED (decimal 237)
   defining Unicode char U+00EE (decimal 238)
   defining Unicode char U+00EF (decimal 239)
   defining Unicode char U+00F8 (decimal 248)
   defining Unicode char U+0131 (decimal 305)
   defining Unicode char U+0141 (decimal 321)
   defining Unicode char U+0142 (decimal 322)
   defining Unicode char U+0152 (decimal 338)
   defining Unicode char U+0153 (decimal 339)
   defining Unicode char U+2013 (decimal 8211)
   defining Unicode char U+2014 (decimal 8212)
   defining Unicode char U+2018 (decimal 8216)
   defining Unicode char U+2019 (decimal 8217)
   defining Unicode char U+201C (decimal 8220)
   defining Unicode char U+201D (decimal 8221)
)
Now handling font encoding OMS ...
... processing UTF-8 mapping file for font encoding OMS

(/usr/share/texmf-texlive/tex/latex/base/omsenc.dfu
File: omsenc.dfu 2008/04/05 v1.1m UTF-8 support for inputenc
   defining Unicode char U+00A7 (decimal 167)
   defining Unicode char U+00B6 (decimal 182)
   defining Unicode char U+00B7 (decimal 183)
   defining Unicode char U+2020 (decimal 8224)
   defining Unicode char U+2021 (decimal 8225)
   defining Unicode char U+2022 (decimal 8226)
)
Now handling font encoding OMX ...
... no UTF-8 mapping file for font encoding OMX
Now handling font encoding U ...
... no UTF-8 mapping file for font encoding U
   defining Unicode char U+00A9 (decimal 169)
   defining Unicode char U+00AA (decimal 170)
   defining Unicode char U+00AE (decimal 174)
   defining Unicode char U+00BA (decimal 186)
   defining Unicode char U+02C6 (decimal 710)
   defining Unicode char U+02DC (decimal 732)
   defining Unicode char U+200C (decimal 8204)
   defining Unicode char U+2026 (decimal 8230)
   defining Unicode char U+2122 (decimal 8482)
   defining Unicode char U+2423 (decimal 9251)
))
(/usr/share/texmf-texlive/tex/latex/pdfcprot/pdfcprot.sty
Package: pdfcprot 2002/02/27 v1.5 character protruding using pdflatex (cs)

(/usr/share/texmf-texlive/tex/latex/base/ifthen.sty
Package: ifthen 2001/05/26 v1.1c Standard LaTeX ifthen package (DPC)
)
\c@CPROT@family=\count104
\c@CPROT@family@temp=\count105
\c@CPROT@series=\count106
\c@CPROT@series@temp=\count107
\c@CPROT@shape=\count108
\c@CPROT@shape@temp=\count109
\c@CPROT@size=\count110
\c@CPROT@size@temp=\count111
\c@CPROT@temp@chars=\count112
Package pdfcprot Info: You've requested char protruding for TS1 encoding
(pdfcprot)             but TS1 encoding doesn't seem to be loaded.
(pdfcprot)             Maybe you forgot a '\usepackage{textcomp}'. on input lin
e 805.
Package pdfcprot Info: You've requested char protruding for TS1 encoding
(pdfcprot)             but TS1 encoding doesn't seem to be loaded.
(pdfcprot)             Maybe you forgot a '\usepackage{textcomp}'. on input lin
e 805.
Package pdfcprot Info: You've requested char protruding for TS1 encoding
(pdfcprot)             but TS1 encoding doesn't seem to be loaded.
(pdfcprot)             Maybe you forgot a '\usepackage{textcomp}'. on input lin
e 805.
)
(/usr/share/texmf-texlive/tex/latex/setspace/setspace.sty
Package: setspace 2000/12/01 6.7 Contributed and Supported LaTeX2e package

Package: `setspace' 6.7 <2000/12/01>
) (/usr/share/texmf-texlive/tex/generic/babel/babel.sty
Package: babel 2008/07/06 v3.8l The Babel package

(/usr/share/texmf-texlive/tex/generic/babel/ngermanb.ldf
Language: ngermanb 2008/07/06 v2.6n new German support from the babel system

(/usr/share/texmf-texlive/tex/generic/babel/babel.def
File: babel.def 2008/07/06 v3.8l Babel common definitions
\babel@savecnt=\count113
\U@D=\dimen118
)
\l@naustrian = a dialect from \language\l@ngerman 
Package babel Info: Making " an active character on input line 92.
))
(/usr/share/texmf-texlive/tex/latex/ltxmisc/parskip.sty
Package: parskip 2001/04/09 non-zero parskip adjustments
)
(/usr/share/texmf-texlive/tex/latex/hyperref/hyperref.sty
Package: hyperref 2009/10/09 v6.79a Hypertext links for LaTeX

(/usr/share/texmf-texlive/tex/generic/ifxetex/ifxetex.sty
Package: ifxetex 2009/01/23 v0.5 Provides ifxetex conditional
)
(/usr/share/texmf-texlive/tex/latex/oberdiek/hycolor.sty
Package: hycolor 2009/10/02 v1.5 Code for color options of hyperref/bookmark (H
O)

(/usr/share/texmf-texlive/tex/latex/oberdiek/xcolor-patch.sty
Package: xcolor-patch 2009/10/02 xcolor patch
))
\@linkdim=\dimen119
\Hy@linkcounter=\count114
\Hy@pagecounter=\count115

(/usr/share/texmf-texlive/tex/latex/hyperref/pd1enc.def
File: pd1enc.def 2009/10/09 v6.79a Hyperref: PDFDocEncoding definition (HO)
Now handling font encoding PD1 ...
... no UTF-8 mapping file for font encoding PD1
)
(/usr/share/texmf-texlive/tex/latex/latexconfig/hyperref.cfg
File: hyperref.cfg 2002/06/06 v1.2 hyperref configuration of TeXLive
)
Package hyperref Info: Hyper figures OFF on input line 2975.
Package hyperref Info: Link nesting OFF on input line 2980.
Package hyperref Info: Hyper index ON on input line 2983.
Package hyperref Info: Plain pages OFF on input line 2990.
Package hyperref Info: Backreferencing OFF on input line 2995.

Implicit mode ON; LaTeX internals redefined
Package hyperref Info: Bookmarks ON on input line 3191.
(/usr/share/texmf-texlive/tex/latex/ltxmisc/url.sty
\Urlmuskip=\muskip11
Package: url 2006/04/12  ver 3.3  Verb mode for urls, etc.
)
LaTeX Info: Redefining \url on input line 3428.

(/usr/share/texmf-texlive/tex/generic/oberdiek/bitset.sty
Package: bitset 2007/09/28 v1.0 Data type bit set (HO)

(/usr/share/texmf-texlive/tex/generic/oberdiek/intcalc.sty
Package: intcalc 2007/09/27 v1.1 Expandable integer calculations (HO)
)
(/usr/share/texmf-texlive/tex/generic/oberdiek/bigintcalc.sty
Package: bigintcalc 2007/11/11 v1.1 Expandable big integer calculations (HO)
))
\Fld@menulength=\count116
\Field@Width=\dimen120
\Fld@charsize=\dimen121
\Field@toks=\toks24
Package hyperref Info: Hyper figures OFF on input line 4377.
Package hyperref Info: Link nesting OFF on input line 4382.
Package hyperref Info: Hyper index ON on input line 4385.
Package hyperref Info: backreferencing OFF on input line 4392.
Package hyperref Info: Link coloring OFF on input line 4397.
Package hyperref Info: Link coloring with OCG OFF on input line 4402.
Package hyperref Info: PDF/A mode OFF on input line 4407.

(/usr/share/texmf-texlive/tex/generic/oberdiek/atbegshi.sty
Package: atbegshi 2008/07/31 v1.9 At begin shipout hook (HO)
)
\Hy@abspage=\count117
\c@Item=\count118
\c@Hfootnote=\count119
)
*hyperref using default driver hpdftex*
(/usr/share/texmf-texlive/tex/latex/hyperref/hpdftex.def
File: hpdftex.def 2009/10/09 v6.79a Hyperref driver for pdfTeX
\Fld@listcount=\count120
)
(/usr/share/texmf-texlive/tex/latex/graphics/color.sty
Package: color 2005/11/14 v1.0j Standard LaTeX Color (DPC)

(/etc/texmf/tex/latex/config/color.cfg
File: color.cfg 2007/01/18 v1.5 color configuration of teTeX/TeXLive
)
Package color Info: Driver file: pdftex.def on input line 130.
)
(/usr/share/texmf-texlive/tex/latex/units/units.sty
Package: units 1998/08/04 v0.9b Typesetting units

(/usr/share/texmf-texlive/tex/latex/units/nicefrac.sty
Package: nicefrac 1998/08/04 v0.9b Nice fractions
\L@UnitsRaiseDisplaystyle=\skip46
\L@UnitsRaiseTextstyle=\skip47
\L@UnitsRaiseScriptstyle=\skip48
)) (./minted.sty
Package: minted 2011/09/17 v1.7 Yet another Pygments shim for LaTeX

(/usr/share/texmf-texlive/tex/latex/fancyvrb/fancyvrb.sty
Package: fancyvrb 2008/02/07

Style option: `fancyvrb' v2.7a, with DG/SPQR fixes, and firstline=lastline fix 
<2008/02/07> (tvz)
\FV@CodeLineNo=\count121
\FV@InFile=\read1
\FV@TabBox=\box28
\c@FancyVerbLine=\count122
\FV@StepNumber=\count123
\FV@OutFile=\write3
) (/usr/share/texmf/tex/latex/xcolor/xcolor.sty
Package: xcolor 2007/01/21 v2.11 LaTeX color extensions (UK)

(/etc/texmf/tex/latex/config/color.cfg
File: color.cfg 2007/01/18 v1.5 color configuration of teTeX/TeXLive
)
Package xcolor Info: Driver file: pdftex.def on input line 225.
LaTeX Info: Redefining \color on input line 702.
Package xcolor Info: Model `cmy' substituted by `cmy0' on input line 1337.
Package xcolor Info: Model `hsb' substituted by `rgb' on input line 1341.
Package xcolor Info: Model `RGB' extended on input line 1353.
Package xcolor Info: Model `HTML' substituted by `rgb' on input line 1355.
Package xcolor Info: Model `Hsb' substituted by `hsb' on input line 1356.
Package xcolor Info: Model `tHsb' substituted by `hsb' on input line 1357.
Package xcolor Info: Model `HSB' substituted by `hsb' on input line 1358.
Package xcolor Info: Model `Gray' substituted by `gray' on input line 1359.
Package xcolor Info: Model `wave' substituted by `hsb' on input line 1360.
)
(/usr/share/texmf-texlive/tex/latex/float/float.sty
Package: float 2001/11/08 v1.3d Float enhancements (AL)
\c@float@type=\count124
\float@exts=\toks25
\float@box=\box29
\@float@everytoks=\toks26
\@floatcapt=\box30
)
(/usr/share/texmf-texlive/tex/latex/tools/calc.sty
Package: calc 2007/08/22 v4.3 Infix arithmetic (KKT,FJ)
\calc@Acount=\count125
\calc@Bcount=\count126
\calc@Adimen=\dimen122
\calc@Bdimen=\dimen123
\calc@Askip=\skip49
\calc@Bskip=\skip50
LaTeX Info: Redefining \setlength on input line 76.
LaTeX Info: Redefining \addtolength on input line 77.
\calc@Ccount=\count127
\calc@Cskip=\skip51
)
(/usr/share/texmf-texlive/tex/latex/ifplatform/ifplatform.sty
Package: ifplatform 2009/09/10 v0.3a Testing for the operating system

(/usr/share/texmf-texlive/tex/generic/oberdiek/catchfile.sty
Package: catchfile 2007/11/11 v1.2 Catches the contents of a file (HO)
)
runsystem(uname -s > "Bericht.w18")...executed.

 (./Bericht.w18)
runsystem(rm -- "Bericht.w18")...executed.

)
\minted@bgbox=\box31
\minted@code=\write4
\@float@every@listing=\toks27
\c@listing=\count128
)
runsystem(which pygmentize && touch Bericht.aex)...executed.

runsystem(rm Bericht.aex)...executed.

Package hyperref Info: Option `colorlinks' set `true' on input line 22.
Package hyperref Info: Option `breaklinks' set `false' on input line 22.
(/usr/share/texmf-texlive/tex/latex/caption/caption.sty
Package: caption 2009/10/09 v3.1k Customizing captions (AR)

(/usr/share/texmf-texlive/tex/latex/caption/caption3.sty
Package: caption3 2009/10/09 v3.1k caption3 kernel (AR)
\captionmargin=\dimen124
\captionmargin@=\dimen125
\captionwidth=\dimen126
\caption@indent=\dimen127
\caption@parindent=\dimen128
\caption@hangindent=\dimen129
)
\c@ContinuedFloat=\count129
Package caption Info: float package is loaded.
Package caption Info: hyperref package is loaded.
)
(/usr/share/texmf-texlive/tex/latex/base/fontenc.sty
Package: fontenc 2005/09/27 v1.99g Standard LaTeX package

(/usr/share/texmf-texlive/tex/latex/base/t1enc.def
File: t1enc.def 2005/09/27 v1.99g Standard LaTeX file
LaTeX Font Info:    Redeclaring font encoding T1 on input line 43.
))
(/usr/share/texmf-texlive/tex/latex/bera/beramono.sty
Package: beramono 2004/01/31 (WaS)
) (./Bericht.aux)
\openout1 = `Bericht.aux'.

LaTeX Font Info:    Checking defaults for OML/cmm/m/it on input line 49.
LaTeX Font Info:    ... okay on input line 49.
LaTeX Font Info:    Checking defaults for T1/cmr/m/n on input line 49.
LaTeX Font Info:    ... okay on input line 49.
LaTeX Font Info:    Checking defaults for OT1/cmr/m/n on input line 49.
LaTeX Font Info:    ... okay on input line 49.
LaTeX Font Info:    Checking defaults for OMS/cmsy/m/n on input line 49.
LaTeX Font Info:    ... okay on input line 49.
LaTeX Font Info:    Checking defaults for OMX/cmex/m/n on input line 49.
LaTeX Font Info:    ... okay on input line 49.
LaTeX Font Info:    Checking defaults for U/cmr/m/n on input line 49.
LaTeX Font Info:    ... okay on input line 49.
LaTeX Font Info:    Checking defaults for PD1/pdf/m/n on input line 49.
LaTeX Font Info:    ... okay on input line 49.

*geometry auto-detecting driver*
*geometry detected driver: pdftex*
-------------------- Geometry parameters
paper: a4paper
landscape: --
twocolumn: --
twoside: --
asymmetric: --
h-parts: 56.9055pt, 483.69687pt, 56.9055pt
v-parts: 56.9055pt, 731.23584pt, 56.9055pt
hmarginratio: --
vmarginratio: --
lines: --
heightrounded: --
bindingoffset: 0.0pt
truedimen: --
includehead: --
includefoot: --
includemp: --
driver: pdftex
-------------------- Page layout dimensions and switches
\paperwidth  597.50787pt
\paperheight 845.04684pt
\textwidth  483.69687pt
\textheight 731.23584pt
\oddsidemargin  -15.36449pt
\evensidemargin -15.36449pt
\topmargin  -52.36449pt
\headheight 12.0pt
\headsep    25.0pt
\footskip   30.0pt
\marginparwidth 59.0pt
\marginparsep   10.0pt
\columnsep  10.0pt
\skip\footins  10.0pt plus 4.0pt minus 2.0pt
\hoffset 0.0pt
\voffset 0.0pt
\mag 1000

(1in=72.27pt, 1cm=28.45pt)
-----------------------
(/usr/share/texmf-texlive/tex/context/base/supp-pdf.mkii
[Loading MPS to PDF converter (version 2006.09.02).]
\scratchcounter=\count130
\scratchdimen=\dimen130
\scratchbox=\box32
\nofMPsegments=\count131
\nofMParguments=\count132
\everyMPshowfont=\toks28
\MPscratchCnt=\count133
\MPscratchDim=\dimen131
\MPnumerator=\count134
\everyMPtoPDFconversion=\toks29
)
Package pdfcprot Info: I didn't find cmrbxnT1.cpa.
(pdfcprot)              As a fallback I will try pplmnT1.cpa. on input line 49.

 (/usr/share/texmf-texlive/tex/latex/pdfcprot/pplmnT1.cpa)
Package pdfcprot Info: File pplmnT1.cpa{} used for the adjustment
(pdfcprot)             of the char protruding. It seems that it isn't the one
(pdfcprot)             you intended to use. on input line 49.
Package pdfcprot Info: I didn't find cmrbxnT1.cpa.
(pdfcprot)              As a fallback I will try pplmnT1.cpa. on input line 49.

Package pdfcprot Info: File pplmnT1.cpa{} used for the adjustment
(pdfcprot)             of the char protruding. It seems that it isn't the one
(pdfcprot)             you intended to use. on input line 49.
Package pdfcprot Info: I didn't find cmrbxnT1.cpa.
(pdfcprot)              As a fallback I will try pplmnT1.cpa. on input line 49.

Package pdfcprot Info: File pplmnT1.cpa{} used for the adjustment
(pdfcprot)             of the char protruding. It seems that it isn't the one
(pdfcprot)             you intended to use. on input line 49.
Package pdfcprot Info: I didn't find cmrbxnT1.cpa.
(pdfcprot)              As a fallback I will try pplmnT1.cpa. on input line 49.

Package pdfcprot Info: File pplmnT1.cpa{} used for the adjustment
(pdfcprot)             of the char protruding. It seems that it isn't the one
(pdfcprot)             you intended to use. on input line 49.
LaTeX Font Info:    Try loading font information for T1+cmss on input line 49.

(/usr/share/texmf-texlive/tex/latex/base/t1cmss.fd
File: t1cmss.fd 1999/05/25 v2.5h Standard LaTeX font definitions
)
Package pdfcprot Info: I didn't find cmssbxnT1.cpa.
(pdfcprot)              As a fallback I will try pplmnT1.cpa. on input line 49.

Package pdfcprot Info: File pplmnT1.cpa{} used for the adjustment
(pdfcprot)             of the char protruding. It seems that it isn't the one
(pdfcprot)             you intended to use. on input line 49.
Package pdfcprot Info: I didn't find cmssbxnT1.cpa.
(pdfcprot)              As a fallback I will try pplmnT1.cpa. on input line 49.

Package pdfcprot Info: File pplmnT1.cpa{} used for the adjustment
(pdfcprot)             of the char protruding. It seems that it isn't the one
(pdfcprot)             you intended to use. on input line 49.
Package pdfcprot Info: I didn't find cmssbxnT1.cpa.
(pdfcprot)              As a fallback I will try pplmnT1.cpa. on input line 49.

Package pdfcprot Info: File pplmnT1.cpa{} used for the adjustment
(pdfcprot)             of the char protruding. It seems that it isn't the one
(pdfcprot)             you intended to use. on input line 49.
Package pdfcprot Info: I didn't find cmssbxnT1.cpa.
(pdfcprot)              As a fallback I will try pplmnT1.cpa. on input line 49.

Package pdfcprot Info: File pplmnT1.cpa{} used for the adjustment
(pdfcprot)             of the char protruding. It seems that it isn't the one
(pdfcprot)             you intended to use. on input line 49.
Package pdfcprot Info: I didn't find cmrmnT1.cpa.
(pdfcprot)              As a fallback I will try pplmnT1.cpa. on input line 49.

Package pdfcprot Info: File pplmnT1.cpa{} used for the adjustment
(pdfcprot)             of the char protruding. It seems that it isn't the one
(pdfcprot)             you intended to use. on input line 49.
Package pdfcprot Info: I didn't find cmrmnT1.cpa.
(pdfcprot)              As a fallback I will try pplmnT1.cpa. on input line 49.

Package pdfcprot Info: File pplmnT1.cpa{} used for the adjustment
(pdfcprot)             of the char protruding. It seems that it isn't the one
(pdfcprot)             you intended to use. on input line 49.
Package pdfcprot Info: I didn't find cmrmnT1.cpa.
(pdfcprot)              As a fallback I will try pplmnT1.cpa. on input line 49.

Package pdfcprot Info: File pplmnT1.cpa{} used for the adjustment
(pdfcprot)             of the char protruding. It seems that it isn't the one
(pdfcprot)             you intended to use. on input line 49.
Package pdfcprot Info: I didn't find cmrmnT1.cpa.
(pdfcprot)              As a fallback I will try pplmnT1.cpa. on input line 49.

Package pdfcprot Info: File pplmnT1.cpa{} used for the adjustment
(pdfcprot)             of the char protruding. It seems that it isn't the one
(pdfcprot)             you intended to use. on input line 49.
Package pdfcprot Info: I didn't find cmrmitT1.cpa.
(pdfcprot)              As a fallback I will try pplmnT1.cpa. on input line 49.

Package pdfcprot Info: File pplmnT1.cpa{} used for the adjustment
(pdfcprot)             of the char protruding. It seems that it isn't the one
(pdfcprot)             you intended to use. on input line 49.
Package pdfcprot Info: I didn't find cmrmitT1.cpa.
(pdfcprot)              As a fallback I will try pplmnT1.cpa. on input line 49.

Package pdfcprot Info: File pplmnT1.cpa{} used for the adjustment
(pdfcprot)             of the char protruding. It seems that it isn't the one
(pdfcprot)             you intended to use. on input line 49.
Package pdfcprot Info: I didn't find cmrmitT1.cpa.
(pdfcprot)              As a fallback I will try pplmnT1.cpa. on input line 49.

Package pdfcprot Info: File pplmnT1.cpa{} used for the adjustment
(pdfcprot)             of the char protruding. It seems that it isn't the one
(pdfcprot)             you intended to use. on input line 49.
Package pdfcprot Info: I didn't find cmrmitT1.cpa.
(pdfcprot)              As a fallback I will try pplmnT1.cpa. on input line 49.

Package pdfcprot Info: File pplmnT1.cpa{} used for the adjustment
(pdfcprot)             of the char protruding. It seems that it isn't the one
(pdfcprot)             you intended to use. on input line 49.
Package pdfcprot Info: I didn't find cmssmnT1.cpa.
(pdfcprot)              As a fallback I will try pplmnT1.cpa. on input line 49.

Package pdfcprot Info: File pplmnT1.cpa{} used for the adjustment
(pdfcprot)             of the char protruding. It seems that it isn't the one
(pdfcprot)             you intended to use. on input line 49.
Package pdfcprot Info: I didn't find cmssmnT1.cpa.
(pdfcprot)              As a fallback I will try pplmnT1.cpa. on input line 49.

Package pdfcprot Info: File pplmnT1.cpa{} used for the adjustment
(pdfcprot)             of the char protruding. It seems that it isn't the one
(pdfcprot)             you intended to use. on input line 49.
Package pdfcprot Info: I didn't find cmssmnT1.cpa.
(pdfcprot)              As a fallback I will try pplmnT1.cpa. on input line 49.

Package pdfcprot Info: File pplmnT1.cpa{} used for the adjustment
(pdfcprot)             of the char protruding. It seems that it isn't the one
(pdfcprot)             you intended to use. on input line 49.
Package pdfcprot Info: I didn't find cmssmnT1.cpa.
(pdfcprot)              As a fallback I will try pplmnT1.cpa. on input line 49.

Package pdfcprot Info: File pplmnT1.cpa{} used for the adjustment
(pdfcprot)             of the char protruding. It seems that it isn't the one
(pdfcprot)             you intended to use. on input line 49.
Package pdfcprot Info: I didn't find cmssmitT1.cpa.
(pdfcprot)              As a fallback I will try pplmnT1.cpa. on input line 49.

Package pdfcprot Info: File pplmnT1.cpa{} used for the adjustment
(pdfcprot)             of the char protruding. It seems that it isn't the one
(pdfcprot)             you intended to use. on input line 49.
Package pdfcprot Info: I didn't find cmssmitT1.cpa.
(pdfcprot)              As a fallback I will try pplmnT1.cpa. on input line 49.

Package pdfcprot Info: File pplmnT1.cpa{} used for the adjustment
(pdfcprot)             of the char protruding. It seems that it isn't the one
(pdfcprot)             you intended to use. on input line 49.
Package pdfcprot Info: I didn't find cmssmitT1.cpa.
(pdfcprot)              As a fallback I will try pplmnT1.cpa. on input line 49.

Package pdfcprot Info: File pplmnT1.cpa{} used for the adjustment
(pdfcprot)             of the char protruding. It seems that it isn't the one
(pdfcprot)             you intended to use. on input line 49.
Package pdfcprot Info: I didn't find cmssmitT1.cpa.
(pdfcprot)              As a fallback I will try pplmnT1.cpa. on input line 49.

Package pdfcprot Info: File pplmnT1.cpa{} used for the adjustment
(pdfcprot)             of the char protruding. It seems that it isn't the one
(pdfcprot)             you intended to use. on input line 49.
Package pdfcprot Info: I didn't find cmssmslT1.cpa.
(pdfcprot)              As a fallback I will try pplmnT1.cpa. on input line 49.

Package pdfcprot Info: File pplmnT1.cpa{} used for the adjustment
(pdfcprot)             of the char protruding. It seems that it isn't the one
(pdfcprot)             you intended to use. on input line 49.
Package pdfcprot Info: I didn't find cmssmslT1.cpa.
(pdfcprot)              As a fallback I will try pplmnT1.cpa. on input line 49.

Package pdfcprot Info: File pplmnT1.cpa{} used for the adjustment
(pdfcprot)             of the char protruding. It seems that it isn't the one
(pdfcprot)             you intended to use. on input line 49.
Package pdfcprot Info: I didn't find cmssmslT1.cpa.
(pdfcprot)              As a fallback I will try pplmnT1.cpa. on input line 49.

Package pdfcprot Info: File pplmnT1.cpa{} used for the adjustment
(pdfcprot)             of the char protruding. It seems that it isn't the one
(pdfcprot)             you intended to use. on input line 49.
Package pdfcprot Info: I didn't find cmssmslT1.cpa.
(pdfcprot)              As a fallback I will try pplmnT1.cpa. on input line 49.

Package pdfcprot Info: File pplmnT1.cpa{} used for the adjustment
(pdfcprot)             of the char protruding. It seems that it isn't the one
(pdfcprot)             you intended to use. on input line 49.
Package hyperref Info: Link coloring ON on input line 49.

(/usr/share/texmf-texlive/tex/latex/hyperref/nameref.sty
Package: nameref 2007/05/29 v2.31 Cross-referencing by name of section

(/usr/share/texmf-texlive/tex/latex/oberdiek/refcount.sty
Package: refcount 2008/08/11 v3.1 Data extraction from references (HO)
)
\c@section@level=\count135
)
LaTeX Info: Redefining \ref on input line 49.
LaTeX Info: Redefining \pageref on input line 49.
 (./Bericht.out)
(./Bericht.out)
\@outlinefile=\write5
\openout5 = `Bericht.out'.

\AtBeginShipoutBox=\box33
runsystem(pygmentize -S default -f latex > Bericht.pyg)...executed.

 (./Bericht.pyg)
Package caption Info: Begin \AtBeginDocument code.
Package caption Info: End \AtBeginDocument code.
LaTeX Font Info:    Try loading font information for U+msa on input line 52.

(/usr/share/texmf-texlive/tex/latex/amsfonts/umsa.fd
File: umsa.fd 2009/06/22 v3.00 AMS symbols A
)
LaTeX Font Info:    Try loading font information for U+msb on input line 52.

(/usr/share/texmf-texlive/tex/latex/amsfonts/umsb.fd
File: umsb.fd 2009/06/22 v3.00 AMS symbols B
) [1

{/var/lib/texmf/fonts/map/pdftex/updmap/pdftex.map}] (./Bericht.toc)
\tf@toc=\write6
\openout6 = `Bericht.toc'.

pdfTeX warning (ext4): destination with the same identifier (name{page.1}) has 
been already used, duplicate ignored
<to be read again> 
                   \relax 
l.55 \newpage
              [1

] (./1-linux.tex [2

]
Kapitel 1.
LaTeX Font Info:    Try loading font information for T1+fvm on input line 12.
(/usr/share/texmf-texlive/tex/latex/bera/t1fvm.fd
File: t1fvm.fd 2004/09/07 scalable font definitions for T1/fvm.
)
LaTeX Font Info:    Font shape `T1/fvm/m/n' will be
(Font)              scaled to size 9.85492pt on input line 12.
LaTeX Font Info:    Font shape `T1/fvm/m/n' will be
(Font)              scaled to size 8.09995pt on input line 26.
 [3

]

LaTeX Warning: Citation `man-tar' on page 4 undefined on input line 38.

[4] [5]
Kapitel 2.
LaTeX Font Info:    Font shape `T1/fvm/bx/n' in size <14.4> not available
(Font)              Font shape `T1/fvm/b/n' tried instead on input line 116.
LaTeX Font Info:    Font shape `T1/fvm/b/n' will be
(Font)              scaled to size 12.9599pt on input line 116.
[6

]

LaTeX Warning: Reference `code:touch' on page 7 undefined on input line 146.

runsystem(pygmentize -l bash -f latex -F tokenmerge             -P "verboptions
= ,label=Anlegen der Dateien,frame=lines,framesep=2mm" -o Bericht.out.pyg Uebun
g_02/anlegen.sh)...executed.

(./Bericht.out.pyg)
runsystem(rm Bericht.out.pyg)...executed.



LaTeX Warning: Reference `code:ls' on page 7 undefined on input line 150.


LaTeX Warning: Reference `code:ls.out' on page 7 undefined on input line 150.

runsystem(pygmentize -l bash -f latex -F tokenmerge             -P "verboptions
= ,label=ls.sh,frame=lines,framesep=2mm" -o Bericht.out.pyg Uebung_02/wildcards
/ls.sh)...executed.

(./Bericht.out.pyg)
runsystem(rm Bericht.out.pyg)...executed.

runsystem(pygmentize -l text -f latex -F tokenmerge             -P "verboptions
= ,label=Ausgabe von ls.sh,frame=lines,framesep=2mm" -o Bericht.out.pyg Uebung_
02/wildcards/ls.sh.out)...executed.

 (./Bericht.out.pyg)
runsystem(rm Bericht.out.pyg)...executed.

 [7]
Kapitel 3.
runsystem(pygmentize -l text -f latex -F tokenmerge             -P "verboptions
= ,label=standardausgabe.txt,frame=lines,framesep=2mm" -o Bericht.out.pyg Uebun
g_03/standardausgabe.txt)...executed.

(./Bericht.out.pyg)
runsystem(rm Bericht.out.pyg)...executed.



LaTeX Warning: Reference `code:auto-einfach' on page 8 undefined on input line 
173.


LaTeX Warning: Reference `code:auto-einfach.out' on page 8 undefined on input l
ine 173.

runsystem(pygmentize -l bash -f latex -F tokenmerge             -P "verboptions
= ,label=auto\_einfach.sh,frame=lines,framesep=2mm" -o Bericht.out.pyg Uebung_0
3/auto_einfach.sh)...executed.

(./Bericht.out.pyg)
runsystem(rm Bericht.out.pyg)...executed.

runsystem(pygmentize -l text -f latex -F tokenmerge             -P "verboptions
= ,label=Ausgabe von auto\_einfach.sh,frame=lines,framesep=2mm" -o Bericht.out.
pyg Uebung_03/auto_einfach.sh.out)...executed.

 (./Bericht.out.pyg [8

])
runsystem(rm Bericht.out.pyg)...executed.



LaTeX Warning: Citation `wiki-kfz' on page 9 undefined on input line 179.


LaTeX Warning: Reference `code:auto' on page 9 undefined on input line 183.

runsystem(pygmentize -l bash -f latex -F tokenmerge             -P "verboptions
= ,label=auto.sh,frame=lines,framesep=2mm" -o Bericht.out.pyg Uebung_03/auto.sh
)...executed.

(./Bericht.out.pyg
LaTeX Font Info:    Font shape `T1/fvm/bx/n' in size <10.95> not available
(Font)              Font shape `T1/fvm/b/n' tried instead on input line 2.
LaTeX Font Info:    Font shape `T1/fvm/b/n' will be
(Font)              scaled to size 9.85492pt on input line 2.
)
runsystem(rm Bericht.out.pyg)...executed.

runsystem(pygmentize -l text -f latex -F tokenmerge             -P "verboptions
= ,label=Ausgabe von auto.sh,frame=lines,framesep=2mm" -o Bericht.out.pyg Uebun
g_03/auto.sh.out)...executed.

 (./Bericht.out.pyg)
runsystem(rm Bericht.out.pyg)...executed.



LaTeX Warning: Reference `code:auto.out' on page 9 undefined on input line 189.



LaTeX Warning: Reference `code:gemeinheiten' on page 9 undefined on input line 
189.

runsystem(pygmentize -l text -f latex -F tokenmerge             -P "verboptions
= ,label=Gemeinheiten fuer Listing \ref {code:auto-einfach},frame=lines,framese
p=2mm" -o Bericht.out.pyg Uebung_03/gemeinheiten.txt)...executed.

(./Bericht.out.pyg

LaTeX Warning: Reference `code:auto-einfach' on page 9 undefined on input line 
1.


LaTeX Warning: Reference `code:auto-einfach' on page 9 undefined on input line 
6.

)
runsystem(rm Bericht.out.pyg)...executed.

runsystem(pygmentize -l text -f latex -F tokenmerge             -P "verboptions
= ,label=namen.dat,frame=lines,framesep=2mm" -o Bericht.out.pyg Uebung_03/namen
.dat)...executed.

 (./Bericht.out.pyg [9])
runsystem(rm Bericht.out.pyg)...executed.



LaTeX Warning: Reference `code:namen' on page 10 undefined on input line 200.


LaTeX Warning: Reference `code:namen.out' on page 10 undefined on input line 20
0.


LaTeX Warning: Reference `code:namen.dat' on page 10 undefined on input line 20
0.

runsystem(pygmentize -l bash -f latex -F tokenmerge             -P "verboptions
= ,label=namen.sh,frame=lines,framesep=2mm" -o Bericht.out.pyg Uebung_03/namen.
sh)...executed.

(./Bericht.out.pyg)
runsystem(rm Bericht.out.pyg)...executed.

runsystem(pygmentize -l text -f latex -F tokenmerge             -P "verboptions
= ,label=Ausgabe von namen.sh,frame=lines,framesep=2mm" -o Bericht.out.pyg Uebu
ng_03/namen.sh.out)...executed.

 (./Bericht.out.pyg)
runsystem(rm Bericht.out.pyg)...executed.

runsystem(pygmentize -l text -f latex -F tokenmerge             -P "verboptions
= ,label=zahlen.dat,frame=lines,framesep=2mm" -o Bericht.out.pyg Uebung_03/zahl
en.dat)...executed.

 (./Bericht.out.pyg)
runsystem(rm Bericht.out.pyg)...executed.



LaTeX Warning: Reference `code:zahlen.dat' on page 10 undefined on input line 2
09.


LaTeX Warning: Reference `code:zahlen-sort' on page 10 undefined on input line 
209.


LaTeX Warning: Reference `code:zahlen-sort.out' on page 10 undefined on input l
ine 209.

runsystem(pygmentize -l bash -f latex -F tokenmerge             -P "verboptions
= ,label=zahlen-sort.sh,frame=lines,framesep=2mm" -o Bericht.out.pyg Uebung_03/
zahlen-sort.sh)...executed.

(./Bericht.out.pyg)
runsystem(rm Bericht.out.pyg)...executed.

runsystem(pygmentize -l text -f latex -F tokenmerge             -P "verboptions
= ,label=Ausgabe von zahlen-sort.sh,frame=lines,framesep=2mm" -o Bericht.out.py
g Uebung_03/zahlen-sort.sh.out)...executed.

 (./Bericht.out.pyg)
runsystem(rm Bericht.out.pyg)...executed.

 [10]

LaTeX Warning: Reference `code:diff' on page 11 undefined on input line 247.

runsystem(pygmentize -l diff -f latex -F tokenmerge             -P "verboptions
= ,label=Unterschied zwischen Ordnerinhalten,frame=lines,framesep=2mm" -o Beric
ht.out.pyg Uebung_03/pools.diff)...executed.

(./Bericht.out.pyg)
runsystem(rm Bericht.out.pyg)...executed.



LaTeX Warning: Reference `code:farben' on page 11 undefined on input line 255.


LaTeX Warning: Reference `code:farben.out' on page 11 undefined on input line 2
55.

runsystem(pygmentize -l bash -f latex -F tokenmerge             -P "verboptions
= ,label=farben.sh,frame=lines,framesep=2mm" -o Bericht.out.pyg Uebung_03/farbe
n.sh)...executed.

(./Bericht.out.pyg [11])
runsystem(rm Bericht.out.pyg)...executed.

runsystem(pygmentize -l text -f latex -F tokenmerge             -P "verboptions
= ,label=Ausgabe von farben.sh,frame=lines,framesep=2mm" -o Bericht.out.pyg Ueb
ung_03/farben.sh.out)...executed.

 (./Bericht.out.pyg)
runsystem(rm Bericht.out.pyg)...executed.



LaTeX Warning: Reference `code:zahlen' on page 12 undefined on input line 264.


LaTeX Warning: Reference `code:zahlen.out' on page 12 undefined on input line 2
64.

runsystem(pygmentize -l bash -f latex -F tokenmerge             -P "verboptions
= ,label=zahlen.sh,frame=lines,framesep=2mm" -o Bericht.out.pyg Uebung_03/zahle
n.sh)...executed.

(./Bericht.out.pyg)
runsystem(rm Bericht.out.pyg)...executed.

runsystem(pygmentize -l text -f latex -F tokenmerge             -P "verboptions
= ,label=Ausgabe von zahlen.sh,frame=lines,framesep=2mm" -o Bericht.out.pyg Ueb
ung_03/zahlen.sh.out)...executed.

 (./Bericht.out.pyg)
runsystem(rm Bericht.out.pyg)...executed.



LaTeX Warning: Reference `code:zahlen-name' on page 12 undefined on input line 
269.


LaTeX Warning: Reference `code:zahlen-name.out' on page 12 undefined on input l
ine 269.

runsystem(pygmentize -l bash -f latex -F tokenmerge             -P "verboptions
= ,label=zahlen\_name.sh,frame=lines,framesep=2mm" -o Bericht.out.pyg Uebung_03
/zahlen_name.sh)...executed.

(./Bericht.out.pyg)
runsystem(rm Bericht.out.pyg)...executed.

runsystem(pygmentize -l text -f latex -F tokenmerge             -P "verboptions
= ,label=Ausgabe von zahlen\_name.sh,frame=lines,framesep=2mm" -o Bericht.out.p
yg Uebung_03/zahlen_name.sh.out)...executed.

 (./Bericht.out.pyg [12])
runsystem(rm Bericht.out.pyg)...executed.



LaTeX Warning: Reference `code:psauxgrep-beginning' on page 13 undefined on inp
ut line 279.

runsystem(pygmentize -l bash -f latex -F tokenmerge             -P "verboptions
= ,label=Einschaenkung des Suchbereichs,frame=lines,framesep=2mm" -o Bericht.ou
t.pyg Uebung_03/psauxgrep-beginning.sh)...executed.

(./Bericht.out.pyg)
runsystem(rm Bericht.out.pyg)...executed.



LaTeX Warning: Reference `code:myprocesses' on page 13 undefined on input line 
290.

runsystem(pygmentize -l text -f latex -F tokenmerge             -P "verboptions
= ,label=myprocesses.txt,frame=lines,framesep=2mm" -o Bericht.out.pyg Uebung_03
/myprocesses.txt)...executed.

(./Bericht.out.pyg [13])
runsystem(rm Bericht.out.pyg)...executed.



LaTeX Warning: Reference `code:chain-pipe' on page 14 undefined on input line 2
95.

runsystem(pygmentize -l bash -f latex -F tokenmerge             -P "verboptions
= ,label=verkettete Pipes,frame=lines,framesep=2mm" -o Bericht.out.pyg Uebung_0
3/chain-pipe.sh)...executed.

(./Bericht.out.pyg)
runsystem(rm Bericht.out.pyg)...executed.


Overfull \hbox (9.98631pt too wide) in paragraph at lines 307--308
\T1/cmr/m/n/10.95 Der ers-te Be-fehl ko-piert die Da-tei \T1/fvm/m/n/10.95 /hom
e/meinname/uebung/frage.txt \T1/cmr/m/n/10.95 nach \T1/fvm/m/n/10.95 /home/mein
name/uebung\T1/cmr/m/n/10.95 .
 []

[14]
Overfull \hbox (5.78621pt too wide) in paragraph at lines 339--340
\T1/cmr/m/n/10.95 Im All-ge-mei-nen wer-den Zu-griffs-rech-te über die Werk-zeu
-ge \T1/fvm/m/n/10.95 chmod \T1/cmr/m/n/10.95 und \T1/fvm/m/n/10.95 chown \T1/c
mr/m/n/10.95 so-wie \T1/fvm/m/n/10.95 chgrp \T1/cmr/m/n/10.95 ge-än-dert. 
 []

[15]
Kapitel 4.
runsystem(pygmentize -l bash -f latex -F tokenmerge             -P "verboptions
= ,label=compare.sh,frame=lines,framesep=2mm" -o Bericht.out.pyg Uebung_03/comp
are.sh)...executed.

(./Bericht.out.pyg
LaTeX Font Info:    Font shape `T1/fvm/m/it' in size <10.95> not available
(Font)              Font shape `T1/fvm/m/sl' tried instead on input line 2.
LaTeX Font Info:    Font shape `T1/fvm/m/sl' will be
(Font)              scaled to size 9.85492pt on input line 2.
 [16

])
runsystem(rm Bericht.out.pyg)...executed.

runsystem(pygmentize -l bash -f latex -F tokenmerge             -P "verboptions
= ,label=zahlen2.sh,frame=lines,framesep=2mm" -o Bericht.out.pyg Uebung_03/zahl
en2.sh)...executed.

 (./Bericht.out.pyg)
runsystem(rm Bericht.out.pyg)...executed.

runsystem(pygmentize -l text -f latex -F tokenmerge             -P "verboptions
= ,label=Ausgabe von zahlen2.sh,frame=lines,framesep=2mm" -o Bericht.out.pyg Ue
bung_03/zahlen2.sh.out)...executed.

 (./Bericht.out.pyg)
runsystem(rm Bericht.out.pyg)...executed.

)
(./2-latex.tex [17] [18

]
Kapitel 5.

Underfull \hbox (badness 10000) in paragraph at lines 13--16

 []

[19

]
Kapitel 6.
[20

]
Overfull \hbox (3.86484pt too wide) in paragraph at lines 124--125
 \T1/cmr/bx/n/10.95 Sieb-tes Bei-spiel (Funk-tio-nen, ver-schach-tel-te Brü-che
)[] \T1/cmr/m/n/10.95 Aus der l'Hos-pi-tal-schen Re-gel folgt: 
 []

[21]) (./3-cpp.tex [22] [23] [24

]
Kapitel 7.

LaTeX Warning: Reference `code:hello' on page 25 undefined on input line 9.


LaTeX Warning: Citation `ritchie' on page 25 undefined on input line 9.

runsystem(pygmentize -l c++ -f latex -F tokenmerge             -P "verboptions=
 ,label=hello.cpp,frame=lines,framesep=2mm" -o Bericht.out.pyg Uebung_06/hello/
hello.cpp)...executed.

(./Bericht.out.pyg)
runsystem(rm Bericht.out.pyg)...executed.



LaTeX Warning: Reference `code:hello' on page 25 undefined on input line 18.


LaTeX Warning: Reference `code:hello.out' on page 25 undefined on input line 18
.

runsystem(pygmentize -l text -f latex -F tokenmerge             -P "verboptions
= ,label=Ausgabe von hello,frame=lines,framesep=2mm" -o Bericht.out.pyg Uebung_
06/hello/hello.out)...executed.

(./Bericht.out.pyg)
runsystem(rm Bericht.out.pyg)...executed.



LaTeX Warning: Reference `code:ethiopian' on page 25 undefined on input line 27
.

runsystem(pygmentize -l c++ -f latex -F tokenmerge             -P "verboptions=
 ,label=ethiopian.cpp,frame=lines,framesep=2mm" -o Bericht.out.pyg Uebung_06/et
hiopian/ethiopian.cpp)...executed.

(./Bericht.out.pyg [25

])
runsystem(rm Bericht.out.pyg)...executed.



LaTeX Warning: Reference `code:ethiopian.out' on page 26 undefined on input lin
e 31.

runsystem(pygmentize -l text -f latex -F tokenmerge             -P "verboptions
= ,label=Ausgabe von ethiopian,frame=lines,framesep=2mm" -o Bericht.out.pyg Ueb
ung_06/ethiopian/ethiopian.out)...executed.

(./Bericht.out.pyg)
runsystem(rm Bericht.out.pyg)...executed.



LaTeX Warning: Reference `code:ethiopian-ng' on page 26 undefined on input line
 35.


LaTeX Warning: Reference `code:ethiopian-ng.short.out' on page 26 undefined on 
input line 35.

runsystem(pygmentize -l c++ -f latex -F tokenmerge             -P "verboptions=
 ,label=ethiopian-ng.cpp,frame=lines,framesep=2mm" -o Bericht.out.pyg Uebung_06
/ethiopian-ng/ethiopian.cpp)...executed.

(./Bericht.out.pyg [26])
runsystem(rm Bericht.out.pyg)...executed.

runsystem(pygmentize -l text -f latex -F tokenmerge             -P "verboptions
= ,label=Ausgabe von ethiopian-ng,frame=lines,framesep=2mm" -o Bericht.out.pyg 
Uebung_06/ethiopian-ng/ethiopian.out)...executed.

 (./Bericht.out.pyg)
runsystem(rm Bericht.out.pyg)...executed.

 [27]

LaTeX Warning: Reference `code:heron' on page 28 undefined on input line 55.

runsystem(pygmentize -l c++ -f latex -F tokenmerge             -P "verboptions=
 ,label=heron.cpp,frame=lines,framesep=2mm" -o Bericht.out.pyg Uebung_06/heron/
heron.cpp)...executed.

(./Bericht.out.pyg [28])
runsystem(rm Bericht.out.pyg)...executed.



LaTeX Warning: Reference `code:heron.2.out' on page 29 undefined on input line 
59.

runsystem(pygmentize -l text -f latex -F tokenmerge             -P "verboptions
= ,label=Ausgabe von heron fuer 2,frame=lines,framesep=2mm" -o Bericht.out.pyg 
Uebung_06/heron/heron.2.out)...executed.

(./Bericht.out.pyg [29])
runsystem(rm Bericht.out.pyg)...executed.

runsystem(pygmentize -l text -f latex -F tokenmerge             -P "verboptions
= ,label=Ausgabe von heron fuer 4,frame=lines,framesep=2mm" -o Bericht.out.pyg 
Uebung_06/heron/heron.4.out)...executed.

 (./Bericht.out.pyg)
runsystem(rm Bericht.out.pyg)...executed.

runsystem(pygmentize -l text -f latex -F tokenmerge             -P "verboptions
= ,label=Ausgabe von heron fuer 10,frame=lines,framesep=2mm" -o Bericht.out.pyg
 Uebung_06/heron/heron.10.out)...executed.

 (./Bericht.out.pyg)
runsystem(rm Bericht.out.pyg)...executed.



LaTeX Warning: Citation `cppdoc' on page 30 undefined on input line 65.

[30]
Kapitel 8.

LaTeX Warning: Reference `code:arrays.cpp' on page 31 undefined on input line 6
9.


LaTeX Warning: Reference `code:arrays.out' on page 31 undefined on input line 6
9.

runsystem(pygmentize -l c++ -f latex -F tokenmerge             -P "verboptions=
 ,label=arrays.cpp,frame=lines,framesep=2mm" -o Bericht.out.pyg Uebung_07/array
s/arrays.cpp)...executed.

(./Bericht.out.pyg [31

])
runsystem(rm Bericht.out.pyg)...executed.

runsystem(pygmentize -l text -f latex -F tokenmerge             -P "verboptions
= ,label=Ausgabe von arrays,frame=lines,framesep=2mm" -o Bericht.out.pyg Uebung
_07/arrays/out.dat)...executed.

 (./Bericht.out.pyg)
runsystem(rm Bericht.out.pyg)...executed.



LaTeX Warning: Reference `code:bericht.out' on page 32 undefined on input line 
76.


LaTeX Warning: Reference `code:means.dat' on page 32 undefined on input line 76
.

runsystem(pygmentize -l c++ -f latex -F tokenmerge             -P "verboptions=
 ,label=bericht.cpp,frame=lines,framesep=2mm" -o Bericht.out.pyg Uebung_07/beri
cht/bericht.cpp)...executed.

(./Bericht.out.pyg [32] [33])
runsystem(rm Bericht.out.pyg)...executed.

runsystem(pygmentize -l text -f latex -F tokenmerge             -P "verboptions
= ,label=Ausgabedatei von bericht,frame=lines,framesep=2mm" -o Bericht.out.pyg 
Uebung_07/bericht/out.dat)...executed.

 (./Bericht.out.pyg)
runsystem(rm Bericht.out.pyg)...executed.

runsystem(pygmentize -l text -f latex -F tokenmerge             -P "verboptions
= ,label=Ausgabe von bericht,frame=lines,framesep=2mm" -o Bericht.out.pyg Uebun
g_07/bericht/means.dat)...executed.

 (./Bericht.out.pyg [34])
runsystem(rm Bericht.out.pyg)...executed.


[35]
Kapitel 9.
runsystem(pygmentize -l c++ -f latex -F tokenmerge             -P "verboptions=
 ,label=String main.cpp,frame=lines,framesep=2mm" -o Bericht.out.pyg Uebung_08/
Strings/main.cpp)...executed.

(./Bericht.out.pyg [36

])
runsystem(rm Bericht.out.pyg)...executed.

runsystem(pygmentize -l c++ -f latex -F tokenmerge             -P "verboptions=
 ,label=String main.cpp,frame=lines,framesep=2mm" -o Bericht.out.pyg Uebung_08/
Student/main.cpp)...executed.

 (./Bericht.out.pyg [37])
runsystem(rm Bericht.out.pyg)...executed.

runsystem(pygmentize -l c++ -f latex -F tokenmerge             -P "verboptions=
 ,label=String student.cpp,frame=lines,framesep=2mm" -o Bericht.out.pyg Uebung_
08/Student/student.cpp)...executed.

 (./Bericht.out.pyg [38])
runsystem(rm Bericht.out.pyg)...executed.

runsystem(pygmentize -l c++ -f latex -F tokenmerge             -P "verboptions=
 ,label=String student.h,frame=lines,framesep=2mm" -o Bericht.out.pyg Uebung_08
/Student/student.h)...executed.


(./Bericht.out.pyg [39])
runsystem(rm Bericht.out.pyg)...executed.

runsystem(pygmentize -l c++ -f latex -F tokenmerge             -P "verboptions=
 ,label=Consolidator main.cpp,frame=lines,framesep=2mm" -o Bericht.out.pyg Uebu
ng_08/Consolidator/main.cpp)...executed.

 (./Bericht.out.pyg)
runsystem(rm Bericht.out.pyg)...executed.

 [40]
Kapitel 10.

LaTeX Warning: Reference `code:swap' on page 41 undefined on input line 116.


LaTeX Warning: Reference `code:swap.out' on page 41 undefined on input line 116
.

runsystem(pygmentize -l c++ -f latex -F tokenmerge             -P "verboptions=
 ,label=Swap,frame=lines,framesep=2mm" -o Bericht.out.pyg Uebung_09/swap/swap.c
pp)...executed.

(./Bericht.out.pyg [41

])
runsystem(rm Bericht.out.pyg)...executed.

runsystem(pygmentize -l text -f latex -F tokenmerge             -P "verboptions
= ,label=Ausgabe von Swap,frame=lines,framesep=2mm" -o Bericht.out.pyg Uebung_0
9/swap/swap.out)...executed.

 (./Bericht.out.pyg)
runsystem(rm Bericht.out.pyg)...executed.

runsystem(pygmentize -l c++ -f latex -F tokenmerge             -P "verboptions=
 ,label=bericht.cpp,frame=lines,framesep=2mm" -o Bericht.out.pyg Uebung_09/beri
cht/bericht.cpp)...executed.

 (./Bericht.out.pyg [42] [43])
runsystem(rm Bericht.out.pyg)...executed.

runsystem(pygmentize -l text -f latex -F tokenmerge             -P "verboptions
= ,label=Ausgabedatei von bericht,frame=lines,framesep=2mm" -o Bericht.out.pyg 
Uebung_09/bericht/out.dat)...executed.


(./Bericht.out.pyg)
runsystem(rm Bericht.out.pyg)...executed.

runsystem(pygmentize -l text -f latex -F tokenmerge             -P "verboptions
= ,label=Ausgabe von bericht,frame=lines,framesep=2mm" -o Bericht.out.pyg Uebun
g_09/bericht/means.dat)...executed.

 (./Bericht.out.pyg [44])
runsystem(rm Bericht.out.pyg)...executed.

) (./4-root.tex [45] [46

]
Kapitel 11.
<Uebung_10/default.png, id=515, 686.95355pt x 461.76726pt>
File: Uebung_10/default.png Graphic file (type png)

<use Uebung_10/default.png>
<Uebung_10/babar.png, id=517, 686.95355pt x 461.76726pt>
File: Uebung_10/babar.png Graphic file (type png)

<use Uebung_10/babar.png>
runsystem(pygmentize -l c++ -f latex -F tokenmerge             -P "verboptions=
 ,label=Code fuer Plot,frame=lines,framesep=2mm" -o Bericht.out.pyg Uebung_10/b
ericht.C)...executed.

 (./Bericht.out.pyg [47

 <./Uebung_10/default.png> <./Uebung_10/babar.png>])
runsystem(rm Bericht.out.pyg)...executed.



LaTeX Warning: Reference `table:fit' on page 48 undefined on input line 31.

<Uebung_10/fit.png, id=527, 609.24387pt x 461.76726pt>
File: Uebung_10/fit.png Graphic file (type png)
 <use Uebung_10/fit.png>) [48 <./Uebung_10/fit.png>] [49

] [50

]

Package caption Warning: Unused \captionsetup[lstlisting] on input line 30.
See the caption package documentation for explanation.

(./Bericht.aux)

LaTeX Warning: There were undefined references.


LaTeX Warning: Label(s) may have changed. Rerun to get cross-references right.

 )
(\end occurred inside a group at level 1)

### simple group (level 1) entered at line 203 ({)
### bottom level 
Here is how much of TeX's memory you used:
 9120 strings out of 495021
 129523 string characters out of 1181034
 229771 words of memory out of 3000000
 11776 multiletter control sequences out of 15000+50000
 45086 words of font info for 108 fonts, out of 3000000 for 9000
 28 hyphenation exceptions out of 8191
 41i,16n,40p,663b,595s stack positions out of 5000i,500n,10000p,200000b,50000s
{/usr/share/texmf-texlive/fonts/enc/dvips/base/8r.enc} </home/m
u/.texmf-var/fonts/pk/ljfour/jknappen/ec/ecti1095.600pk> </home/mu/.texmf-var/f
onts/pk/ljfour/jknappen/ec/ecbx1095.600pk> </home/mu/.texmf-var/fonts/pk/ljfour
/jknappen/ec/ecrm0900.600pk> </home/mu/.texmf-var/fonts/pk/ljfour/jknappen/ec/e
crm0600.600pk> </home/mu/.texmf-var/fonts/pk/ljfour/jknappen/ec/ecrm0800.600pk>
 </home/mu/.texmf-var/fonts/pk/ljfour/jknappen/ec/ecbx1200.600pk> </home/mu/.te
xmf-var/fonts/pk/ljfour/jknappen/ec/ecbx1440.600pk> </home/mu/.texmf-var/fonts/
pk/ljfour/jknappen/ec/ecbx2074.600pk> </home/mu/.texmf-var/fonts/pk/ljfour/jkna
ppen/ec/ecrm1095.600pk> </home/mu/.texmf-var/fonts/pk/ljfour/jknappen/ec/ecbx24
88.600pk> </home/mu/.texmf-var/fonts/pk/ljfour/jknappen/ec/ecrm1200.600pk> </ho
me/mu/.texmf-var/fonts/pk/ljfour/jknappen/ec/ecrm1728.600pk></usr/share/texmf-t
exlive/fonts/type1/public/amsfonts/cm/cmex10.pfb></usr/share/texmf-texlive/font
s/type1/public/amsfonts/cm/cmmi10.pfb></usr/share/texmf-texlive/fonts/type1/pub
lic/amsfonts/cm/cmmi6.pfb></usr/share/texmf-texlive/fonts/type1/public/amsfonts
/cm/cmmi8.pfb></usr/share/texmf-texlive/fonts/type1/public/amsfonts/cm/cmr10.pf
b></usr/share/texmf-texlive/fonts/type1/public/amsfonts/cm/cmr6.pfb></usr/share
/texmf-texlive/fonts/type1/public/amsfonts/cm/cmr8.pfb></usr/share/texmf-texliv
e/fonts/type1/public/amsfonts/cm/cmsy10.pfb></usr/share/texmf-texlive/fonts/typ
e1/public/amsfonts/cm/cmsy8.pfb></usr/share/texmf-texlive/fonts/type1/public/be
ra/fvmb8a.pfb></usr/share/texmf-texlive/fonts/type1/public/bera/fvmr8a.pfb></us
r/share/texmf-texlive/fonts/type1/public/bera/fvmro8a.pfb>
Output written on Bericht.pdf (51 pages, 467861 bytes).
PDF statistics:
 1104 PDF objects out of 1200 (max. 8388607)
 168 named destinations out of 1000 (max. 500000)
 12760 words of extra memory for PDF output out of 14400 (max. 10000000)

